<?xml version="1.0" encoding="UTF-8"?>
<testsuite xmlns:xsi="http://www.w3.org/2001/XMLSchema-instance" xsi:noNamespaceSchemaLocation="https://maven.apache.org/surefire/maven-surefire-plugin/xsd/surefire-test-report-3.0.xsd" version="3.0" name="com.group78.financetracker.service.BudgetServiceTest" time="0.028" tests="3" errors="0" skipped="0" failures="0">
  <properties>
    <property name="java.specification.version" value="21"/>
    <property name="sun.cpu.isalist" value="amd64"/>
    <property name="sun.jnu.encoding" value="UTF-8"/>
    <property name="java.class.path" value="C:\Users\18735\Desktop\Wy_branch\Software-Engineering-Group78\target\test-classes;C:\Users\18735\Desktop\Wy_branch\Software-Engineering-Group78\target\classes;C:\Users\18735\.m2\repository\com\formdev\flatlaf\3.4\flatlaf-3.4.jar;C:\Users\18735\.m2\repository\com\toedter\jcalendar\1.4\jcalendar-1.4.jar;C:\Users\18735\.m2\repository\com\fasterxml\jackson\core\jackson-databind\2.15.2\jackson-databind-2.15.2.jar;C:\Users\18735\.m2\repository\com\fasterxml\jackson\core\jackson-annotations\2.15.2\jackson-annotations-2.15.2.jar;C:\Users\18735\.m2\repository\com\fasterxml\jackson\core\jackson-core\2.15.2\jackson-core-2.15.2.jar;C:\Users\18735\.m2\repository\com\fasterxml\jackson\datatype\jackson-datatype-jsr310\2.15.2\jackson-datatype-jsr310-2.15.2.jar;C:\Users\18735\.m2\repository\org\apache\commons\commons-csv\1.10.0\commons-csv-1.10.0.jar;C:\Users\18735\.m2\repository\org\apache\poi\poi\5.2.3\poi-5.2.3.jar;C:\Users\18735\.m2\repository\commons-codec\commons-codec\1.15\commons-codec-1.15.jar;C:\Users\18735\.m2\repository\org\apache\commons\commons-collections4\4.4\commons-collections4-4.4.jar;C:\Users\18735\.m2\repository\commons-io\commons-io\2.11.0\commons-io-2.11.0.jar;C:\Users\18735\.m2\repository\com\zaxxer\SparseBitSet\1.2\SparseBitSet-1.2.jar;C:\Users\18735\.m2\repository\org\apache\logging\log4j\log4j-api\2.18.0\log4j-api-2.18.0.jar;C:\Users\18735\.m2\repository\org\apache\poi\poi-ooxml\5.2.3\poi-ooxml-5.2.3.jar;C:\Users\18735\.m2\repository\org\apache\poi\poi-ooxml-lite\5.2.3\poi-ooxml-lite-5.2.3.jar;C:\Users\18735\.m2\repository\org\apache\xmlbeans\xmlbeans\5.1.1\xmlbeans-5.1.1.jar;C:\Users\18735\.m2\repository\org\apache\commons\commons-compress\1.21\commons-compress-1.21.jar;C:\Users\18735\.m2\repository\com\github\virtuald\curvesapi\1.07\curvesapi-1.07.jar;C:\Users\18735\.m2\repository\org\apache\commons\commons-math3\3.6.1\commons-math3-3.6.1.jar;C:\Users\18735\.m2\repository\org\junit\jupiter\junit-jupiter\5.9.2\junit-jupiter-5.9.2.jar;C:\Users\18735\.m2\repository\org\junit\jupiter\junit-jupiter-api\5.9.2\junit-jupiter-api-5.9.2.jar;C:\Users\18735\.m2\repository\org\opentest4j\opentest4j\1.2.0\opentest4j-1.2.0.jar;C:\Users\18735\.m2\repository\org\junit\platform\junit-platform-commons\1.9.2\junit-platform-commons-1.9.2.jar;C:\Users\18735\.m2\repository\org\apiguardian\apiguardian-api\1.1.2\apiguardian-api-1.1.2.jar;C:\Users\18735\.m2\repository\org\junit\jupiter\junit-jupiter-params\5.9.2\junit-jupiter-params-5.9.2.jar;C:\Users\18735\.m2\repository\org\junit\jupiter\junit-jupiter-engine\5.9.2\junit-jupiter-engine-5.9.2.jar;C:\Users\18735\.m2\repository\org\junit\platform\junit-platform-engine\1.9.2\junit-platform-engine-1.9.2.jar;C:\Users\18735\.m2\repository\org\mockito\mockito-core\5.3.1\mockito-core-5.3.1.jar;C:\Users\18735\.m2\repository\net\bytebuddy\byte-buddy\1.14.4\byte-buddy-1.14.4.jar;C:\Users\18735\.m2\repository\net\bytebuddy\byte-buddy-agent\1.14.4\byte-buddy-agent-1.14.4.jar;C:\Users\18735\.m2\repository\org\objenesis\objenesis\3.3\objenesis-3.3.jar;C:\Users\18735\.m2\repository\org\mockito\mockito-junit-jupiter\5.3.1\mockito-junit-jupiter-5.3.1.jar;C:\Users\18735\.m2\repository\org\slf4j\slf4j-api\1.7.36\slf4j-api-1.7.36.jar;C:\Users\18735\.m2\repository\org\slf4j\slf4j-simple\1.7.36\slf4j-simple-1.7.36.jar;C:\Users\18735\.m2\repository\org\jfree\jfreechart\1.5.4\jfreechart-1.5.4.jar;C:\Users\18735\.m2\repository\org\apache\httpcomponents\client5\httpclient5\5.2.1\httpclient5-5.2.1.jar;C:\Users\18735\.m2\repository\org\apache\httpcomponents\core5\httpcore5\5.2\httpcore5-5.2.jar;C:\Users\18735\.m2\repository\org\apache\httpcomponents\core5\httpcore5-h2\5.2\httpcore5-h2-5.2.jar;"/>
    <property name="java.vm.vendor" value="Oracle Corporation"/>
    <property name="sun.arch.data.model" value="64"/>
    <property name="user.variant" value=""/>
    <property name="java.vendor.url" value="https://java.oracle.com/"/>
    <property name="user.timezone" value="Asia/Shanghai"/>
    <property name="os.name" value="Windows 11"/>
    <property name="java.vm.specification.version" value="21"/>
    <property name="sun.java.launcher" value="SUN_STANDARD"/>
    <property name="user.country" value="CN"/>
    <property name="sun.boot.library.path" value="C:\Program Files\Java\jdk-21\bin"/>
    <property name="sun.java.command" value="C:\Users\18735\AppData\Local\Temp\surefire18318371322928712100\surefirebooter-20250520183309040_3.jar C:\Users\18735\AppData\Local\Temp\surefire18318371322928712100 2025-05-20T18-33-08_945-jvmRun1 surefire-20250520183309040_1tmp surefire_0-20250520183309040_2tmp"/>
    <property name="jdk.debug" value="release"/>
    <property name="surefire.test.class.path" value="C:\Users\18735\Desktop\Wy_branch\Software-Engineering-Group78\target\test-classes;C:\Users\18735\Desktop\Wy_branch\Software-Engineering-Group78\target\classes;C:\Users\18735\.m2\repository\com\formdev\flatlaf\3.4\flatlaf-3.4.jar;C:\Users\18735\.m2\repository\com\toedter\jcalendar\1.4\jcalendar-1.4.jar;C:\Users\18735\.m2\repository\com\fasterxml\jackson\core\jackson-databind\2.15.2\jackson-databind-2.15.2.jar;C:\Users\18735\.m2\repository\com\fasterxml\jackson\core\jackson-annotations\2.15.2\jackson-annotations-2.15.2.jar;C:\Users\18735\.m2\repository\com\fasterxml\jackson\core\jackson-core\2.15.2\jackson-core-2.15.2.jar;C:\Users\18735\.m2\repository\com\fasterxml\jackson\datatype\jackson-datatype-jsr310\2.15.2\jackson-datatype-jsr310-2.15.2.jar;C:\Users\18735\.m2\repository\org\apache\commons\commons-csv\1.10.0\commons-csv-1.10.0.jar;C:\Users\18735\.m2\repository\org\apache\poi\poi\5.2.3\poi-5.2.3.jar;C:\Users\18735\.m2\repository\commons-codec\commons-codec\1.15\commons-codec-1.15.jar;C:\Users\18735\.m2\repository\org\apache\commons\commons-collections4\4.4\commons-collections4-4.4.jar;C:\Users\18735\.m2\repository\commons-io\commons-io\2.11.0\commons-io-2.11.0.jar;C:\Users\18735\.m2\repository\com\zaxxer\SparseBitSet\1.2\SparseBitSet-1.2.jar;C:\Users\18735\.m2\repository\org\apache\logging\log4j\log4j-api\2.18.0\log4j-api-2.18.0.jar;C:\Users\18735\.m2\repository\org\apache\poi\poi-ooxml\5.2.3\poi-ooxml-5.2.3.jar;C:\Users\18735\.m2\repository\org\apache\poi\poi-ooxml-lite\5.2.3\poi-ooxml-lite-5.2.3.jar;C:\Users\18735\.m2\repository\org\apache\xmlbeans\xmlbeans\5.1.1\xmlbeans-5.1.1.jar;C:\Users\18735\.m2\repository\org\apache\commons\commons-compress\1.21\commons-compress-1.21.jar;C:\Users\18735\.m2\repository\com\github\virtuald\curvesapi\1.07\curvesapi-1.07.jar;C:\Users\18735\.m2\repository\org\apache\commons\commons-math3\3.6.1\commons-math3-3.6.1.jar;C:\Users\18735\.m2\repository\org\junit\jupiter\junit-jupiter\5.9.2\junit-jupiter-5.9.2.jar;C:\Users\18735\.m2\repository\org\junit\jupiter\junit-jupiter-api\5.9.2\junit-jupiter-api-5.9.2.jar;C:\Users\18735\.m2\repository\org\opentest4j\opentest4j\1.2.0\opentest4j-1.2.0.jar;C:\Users\18735\.m2\repository\org\junit\platform\junit-platform-commons\1.9.2\junit-platform-commons-1.9.2.jar;C:\Users\18735\.m2\repository\org\apiguardian\apiguardian-api\1.1.2\apiguardian-api-1.1.2.jar;C:\Users\18735\.m2\repository\org\junit\jupiter\junit-jupiter-params\5.9.2\junit-jupiter-params-5.9.2.jar;C:\Users\18735\.m2\repository\org\junit\jupiter\junit-jupiter-engine\5.9.2\junit-jupiter-engine-5.9.2.jar;C:\Users\18735\.m2\repository\org\junit\platform\junit-platform-engine\1.9.2\junit-platform-engine-1.9.2.jar;C:\Users\18735\.m2\repository\org\mockito\mockito-core\5.3.1\mockito-core-5.3.1.jar;C:\Users\18735\.m2\repository\net\bytebuddy\byte-buddy\1.14.4\byte-buddy-1.14.4.jar;C:\Users\18735\.m2\repository\net\bytebuddy\byte-buddy-agent\1.14.4\byte-buddy-agent-1.14.4.jar;C:\Users\18735\.m2\repository\org\objenesis\objenesis\3.3\objenesis-3.3.jar;C:\Users\18735\.m2\repository\org\mockito\mockito-junit-jupiter\5.3.1\mockito-junit-jupiter-5.3.1.jar;C:\Users\18735\.m2\repository\org\slf4j\slf4j-api\1.7.36\slf4j-api-1.7.36.jar;C:\Users\18735\.m2\repository\org\slf4j\slf4j-simple\1.7.36\slf4j-simple-1.7.36.jar;C:\Users\18735\.m2\repository\org\jfree\jfreechart\1.5.4\jfreechart-1.5.4.jar;C:\Users\18735\.m2\repository\org\apache\httpcomponents\client5\httpclient5\5.2.1\httpclient5-5.2.1.jar;C:\Users\18735\.m2\repository\org\apache\httpcomponents\core5\httpcore5\5.2\httpcore5-5.2.jar;C:\Users\18735\.m2\repository\org\apache\httpcomponents\core5\httpcore5-h2\5.2\httpcore5-h2-5.2.jar;"/>
    <property name="sun.cpu.endian" value="little"/>
    <property name="user.home" value="C:\Users\18735"/>
    <property name="user.language" value="zh"/>
    <property name="java.specification.vendor" value="Oracle Corporation"/>
    <property name="java.version.date" value="2024-01-16"/>
    <property name="java.home" value="C:\Program Files\Java\jdk-21"/>
    <property name="file.separator" value="\"/>
    <property name="basedir" value="C:\Users\18735\Desktop\Wy_branch\Software-Engineering-Group78"/>
    <property name="java.vm.compressedOopsMode" value="Zero based"/>
    <property name="line.separator" value="&#10;"/>
    <property name="java.vm.specification.vendor" value="Oracle Corporation"/>
    <property name="java.specification.name" value="Java Platform API Specification"/>
    <property name="surefire.real.class.path" value="C:\Users\18735\AppData\Local\Temp\surefire18318371322928712100\surefirebooter-20250520183309040_3.jar"/>
    <property name="user.script" value=""/>
    <property name="sun.management.compiler" value="HotSpot 64-Bit Tiered Compilers"/>
    <property name="java.runtime.version" value="21.0.2+13-LTS-58"/>
    <property name="user.name" value="18735"/>
    <property name="stdout.encoding" value="UTF-8"/>
    <property name="path.separator" value=";"/>
    <property name="os.version" value="10.0"/>
    <property name="java.runtime.name" value="Java(TM) SE Runtime Environment"/>
    <property name="file.encoding" value="UTF-8"/>
    <property name="java.vm.name" value="Java HotSpot(TM) 64-Bit Server VM"/>
    <property name="localRepository" value="C:\Users\18735\.m2\repository"/>
    <property name="java.vendor.url.bug" value="https://bugreport.java.com/bugreport/"/>
    <property name="java.io.tmpdir" value="C:\Users\18735\AppData\Local\Temp\"/>
    <property name="java.version" value="21.0.2"/>
    <property name="user.dir" value="C:\Users\18735\Desktop\Wy_branch\Software-Engineering-Group78"/>
    <property name="os.arch" value="amd64"/>
    <property name="java.vm.specification.name" value="Java Virtual Machine Specification"/>
    <property name="sun.os.patch.level" value=""/>
    <property name="native.encoding" value="UTF-8"/>
    <property name="java.library.path" value="C:\Program Files\Java\jdk-21\bin;C:\WINDOWS\Sun\Java\bin;C:\WINDOWS\system32;C:\WINDOWS;D:\VMware\bin\;C:\Users\18735\AppData\Local\Programs\Python\Python310\Scripts\;C:\Users\18735\AppData\Local\Programs\Python\Python310\;C:\Users\18735\AppData\Local\Programs\Python\Python312\Scripts\;C:\Users\18735\AppData\Local\Programs\Python\Python312\;C:\Program Files\MySQL\MySQL Shell 8.0\bin\;C:\Users\18735\AppData\Local\Microsoft\WindowsApps;I:\Bandizip\;D:\Microsoft VS Code\bin;C:\Program Files\Java\jdk-21\bin;C:\Users\18735\AppData\Roaming\npm;D:\apache-activemq-5.16.4\bin;I:\cursor\resources\app\bin;D:\Git\cmd;C:\Program Files\NVIDIA Corporation\NVIDIA App\NvDLISR;C:\WINDOWS;C:\WINDOWS\system32;C:\WINDOWS\System32\OpenSSH;C:\WINDOWS\System32\Wbem;C:\WINDOWS\System32\WindowsPowerShell\v1.0;C:\Users\18735\AppData\Local\Programs\Python\Python310\Scripts\;C:\Users\18735\AppData\Local\Programs\Python\Python310\;C:\Users\18735\AppData\Local\Programs\Python\Python312\Scripts\;C:\Users\18735\AppData\Local\Programs\Python\Python312\;C:\Program Files\MySQL\MySQL Shell 8.0\bin\;C:\Users\18735\AppData\Local\Microsoft\WindowsApps;I:\Bandizip\;D:\Microsoft VS Code\bin;C:\Program Files\Java\jdk-21\bin;C:\Users\18735\AppData\Roaming\npm;D:\apache-activemq-5.16.4\bin;D:\apache-maven-3.9.9\bin;C:\Users\18735\AppData\Local\Programs\cursor\resources\app\bin;."/>
    <property name="java.vm.info" value="mixed mode, sharing"/>
    <property name="stderr.encoding" value="UTF-8"/>
    <property name="java.vendor" value="Oracle Corporation"/>
    <property name="java.vm.version" value="21.0.2+13-LTS-58"/>
    <property name="sun.io.unicode.encoding" value="UnicodeLittle"/>
    <property name="java.class.version" value="65.0"/>
  </properties>
  <testcase name="testUpdateTotalBudget" classname="com.group78.financetracker.service.BudgetServiceTest" time="0.011">
    <system-err><![CDATA[2025-05-20 18:33:10:578 +0800 [main] INFO ImportService - Loading default transactions from: data/default_transactions.csv
2025-05-20 18:33:10:580 +0800 [main] INFO ImportService - Default transactions file exists, loading...
2025-05-20 18:33:10:586 +0800 [main] INFO ImportService - Saved 85 transactions to default file
2025-05-20 18:33:10:586 +0800 [main] INFO ImportService - Loaded 85 default transactions
2025-05-20 18:33:10:586 +0800 [main] DEBUG ImportService - Sample transaction: Grocery Shopping at Walmart - 258.35 - 2025-03-01
2025-05-20 18:33:10:586 +0800 [main] DEBUG ImportService - Sample transaction: Electricity Bill - 125.50 - 2025-03-02
2025-05-20 18:33:10:586 +0800 [main] DEBUG ImportService - Sample transaction: Lunch at KFC - 45.00 - 2025-03-03
2025-05-20 18:33:10:586 +0800 [main] DEBUG ImportService - Sample transaction: Monthly Rent - 3500.00 - 2025-03-05
2025-05-20 18:33:10:586 +0800 [main] DEBUG ImportService - Sample transaction: Mobile Phone Bill - 98.00 - 2025-03-07
2025-05-20 18:33:10:586 +0800 [main] INFO DashboardService - Updating total budget: amount=5000, period=2025-05-20 to 2025-06-20
]]></system-err>
  </testcase>
  <testcase name="testCalculateBalance" classname="com.group78.financetracker.service.BudgetServiceTest" time="0.006">
    <system-err><![CDATA[2025-05-20 18:33:10:588 +0800 [main] INFO ImportService - Loading default transactions from: data/default_transactions.csv
2025-05-20 18:33:10:588 +0800 [main] INFO ImportService - Default transactions file exists, loading...
2025-05-20 18:33:10:591 +0800 [main] INFO ImportService - Saved 85 transactions to default file
2025-05-20 18:33:10:591 +0800 [main] INFO ImportService - Loaded 85 default transactions
2025-05-20 18:33:10:591 +0800 [main] DEBUG ImportService - Sample transaction: Grocery Shopping at Walmart - 258.35 - 2025-03-01
2025-05-20 18:33:10:591 +0800 [main] DEBUG ImportService - Sample transaction: Electricity Bill - 125.50 - 2025-03-02
2025-05-20 18:33:10:591 +0800 [main] DEBUG ImportService - Sample transaction: Lunch at KFC - 45.00 - 2025-03-03
2025-05-20 18:33:10:591 +0800 [main] DEBUG ImportService - Sample transaction: Monthly Rent - 3500.00 - 2025-03-05
2025-05-20 18:33:10:591 +0800 [main] DEBUG ImportService - Sample transaction: Mobile Phone Bill - 98.00 - 2025-03-07
]]></system-err>
  </testcase>
  <testcase name="testDefaultBudgetValues" classname="com.group78.financetracker.service.BudgetServiceTest" time="0.008">
    <system-err><![CDATA[2025-05-20 18:33:10:596 +0800 [main] INFO ImportService - Loading default transactions from: data/default_transactions.csv
2025-05-20 18:33:10:596 +0800 [main] INFO ImportService - Default transactions file exists, loading...
2025-05-20 18:33:10:599 +0800 [main] INFO ImportService - Saved 85 transactions to default file
2025-05-20 18:33:10:599 +0800 [main] INFO ImportService - Loaded 85 default transactions
2025-05-20 18:33:10:599 +0800 [main] DEBUG ImportService - Sample transaction: Grocery Shopping at Walmart - 258.35 - 2025-03-01
2025-05-20 18:33:10:599 +0800 [main] DEBUG ImportService - Sample transaction: Electricity Bill - 125.50 - 2025-03-02
2025-05-20 18:33:10:599 +0800 [main] DEBUG ImportService - Sample transaction: Lunch at KFC - 45.00 - 2025-03-03
2025-05-20 18:33:10:599 +0800 [main] DEBUG ImportService - Sample transaction: Monthly Rent - 3500.00 - 2025-03-05
2025-05-20 18:33:10:599 +0800 [main] DEBUG ImportService - Sample transaction: Mobile Phone Bill - 98.00 - 2025-03-07
2025-05-20 18:33:10:599 +0800 [main] INFO ImportService - Loading default transactions from: data/default_transactions.csv
2025-05-20 18:33:10:599 +0800 [main] INFO ImportService - Default transactions file exists, loading...
2025-05-20 18:33:10:602 +0800 [main] INFO ImportService - Saved 85 transactions to default file
2025-05-20 18:33:10:602 +0800 [main] INFO ImportService - Loaded 85 default transactions
2025-05-20 18:33:10:602 +0800 [main] DEBUG ImportService - Sample transaction: Grocery Shopping at Walmart - 258.35 - 2025-03-01
2025-05-20 18:33:10:602 +0800 [main] DEBUG ImportService - Sample transaction: Electricity Bill - 125.50 - 2025-03-02
2025-05-20 18:33:10:602 +0800 [main] DEBUG ImportService - Sample transaction: Lunch at KFC - 45.00 - 2025-03-03
2025-05-20 18:33:10:602 +0800 [main] DEBUG ImportService - Sample transaction: Monthly Rent - 3500.00 - 2025-03-05
2025-05-20 18:33:10:602 +0800 [main] DEBUG ImportService - Sample transaction: Mobile Phone Bill - 98.00 - 2025-03-07
]]></system-err>
  </testcase>
</testsuite>